c:\users\cskaa\onedrive\desktop\game arch\trunk\archambault.skaarup\assignment5\assignment5\debug\vc143.pdb
c:\users\cskaa\onedrive\desktop\game arch\trunk\archambault.skaarup\assignment5\assignment5\debug\vc143.idb
c:\users\cskaa\onedrive\desktop\game arch\trunk\archambault.skaarup\assignment5\assignment5\debug\spawnevent.obj
c:\users\cskaa\onedrive\desktop\game arch\trunk\archambault.skaarup\assignment5\assignment5\debug\scrollingbackground.obj
c:\users\cskaa\onedrive\desktop\game arch\trunk\archambault.skaarup\assignment5\assignment5\debug\playermanager.obj
c:\users\cskaa\onedrive\desktop\game arch\trunk\archambault.skaarup\assignment5\assignment5\debug\physicsmanager.obj
c:\users\cskaa\onedrive\desktop\game arch\trunk\archambault.skaarup\assignment5\assignment5\debug\moveevent.obj
c:\users\cskaa\onedrive\desktop\game arch\trunk\archambault.skaarup\assignment5\assignment5\debug\messageevent.obj
c:\users\cskaa\onedrive\desktop\game arch\trunk\archambault.skaarup\assignment5\assignment5\debug\main.obj
c:\users\cskaa\onedrive\desktop\game arch\trunk\archambault.skaarup\assignment5\assignment5\debug\languagemanager.obj
c:\users\cskaa\onedrive\desktop\game arch\trunk\archambault.skaarup\assignment5\assignment5\debug\inputtranslator.obj
c:\users\cskaa\onedrive\desktop\game arch\trunk\archambault.skaarup\assignment5\assignment5\debug\hud.obj
c:\users\cskaa\onedrive\desktop\game arch\trunk\archambault.skaarup\assignment5\assignment5\debug\gameevent.obj
c:\users\cskaa\onedrive\desktop\game arch\trunk\archambault.skaarup\assignment5\assignment5\debug\game.obj
c:\users\cskaa\onedrive\desktop\game arch\trunk\archambault.skaarup\assignment5\assignment5\debug\filemanager.obj
c:\users\cskaa\onedrive\desktop\game arch\trunk\archambault.skaarup\assignment5\assignment5\debug\enemy.obj
c:\users\cskaa\onedrive\desktop\game arch\trunk\archambault.skaarup\assignment5\assignment5\debug\destroyevent.obj
c:\users\cskaa\onedrive\desktop\game arch\trunk\archambault.skaarup\assignment5\assignment5\debug\deathscreen.obj
c:\users\cskaa\onedrive\desktop\game arch\trunk\archambault.skaarup\assignment5\assignment5\debug\collider.obj
c:\users\cskaa\onedrive\desktop\game arch\trunk\archambault.skaarup\assignment5\assignment5\debug\camera.obj
c:\users\cskaa\onedrive\desktop\game arch\trunk\archambault.skaarup\assignment5\assignment5\debug\bossmanager.obj
c:\users\cskaa\onedrive\desktop\game arch\trunk\archambault.skaarup\assignment5\assignment5\debug\boss.obj
c:\users\cskaa\onedrive\desktop\game arch\trunk\archambault.skaarup\assignment5\assignment5\debug\webprojectile.obj
c:\users\cskaa\onedrive\desktop\game arch\trunk\archambault.skaarup\assignment5\assignment5\debug\unitmanager.obj
c:\users\cskaa\onedrive\desktop\game arch\trunk\archambault.skaarup\assignment5\assignment5\debug\unit.obj
c:\users\cskaa\onedrive\desktop\game arch\trunk\archambault.skaarup\assignment5\debug\assignment5.exe
c:\users\cskaa\onedrive\desktop\game arch\trunk\archambault.skaarup\assignment5\debug\assignment5.pdb
c:\users\cskaa\onedrive\desktop\game arch\trunk\archambault.skaarup\assignment5\assignment5\debug\assignment5.ilk
c:\users\cskaa\onedrive\desktop\game arch\trunk\archambault.skaarup\assignment5\assignment5\debug\assignment5.tlog\cl.command.1.tlog
c:\users\cskaa\onedrive\desktop\game arch\trunk\archambault.skaarup\assignment5\assignment5\debug\assignment5.tlog\cl.items.tlog
c:\users\cskaa\onedrive\desktop\game arch\trunk\archambault.skaarup\assignment5\assignment5\debug\assignment5.tlog\cl.read.1.tlog
c:\users\cskaa\onedrive\desktop\game arch\trunk\archambault.skaarup\assignment5\assignment5\debug\assignment5.tlog\cl.write.1.tlog
c:\users\cskaa\onedrive\desktop\game arch\trunk\archambault.skaarup\assignment5\assignment5\debug\assignment5.tlog\link.command.1.tlog
c:\users\cskaa\onedrive\desktop\game arch\trunk\archambault.skaarup\assignment5\assignment5\debug\assignment5.tlog\link.read.1.tlog
c:\users\cskaa\onedrive\desktop\game arch\trunk\archambault.skaarup\assignment5\assignment5\debug\assignment5.tlog\link.secondary.1.tlog
c:\users\cskaa\onedrive\desktop\game arch\trunk\archambault.skaarup\assignment5\assignment5\debug\assignment5.tlog\link.write.1.tlog
