c:\users\cskaa\onedrive\desktop\game arch\trunk\archambault.skaarup\assignment5\graphicslib\debug\graphicslib.pdb
c:\users\cskaa\onedrive\desktop\game arch\trunk\archambault.skaarup\assignment5\graphicslib\debug\webmanager.obj
c:\users\cskaa\onedrive\desktop\game arch\trunk\archambault.skaarup\assignment5\graphicslib\debug\sprite.obj
c:\users\cskaa\onedrive\desktop\game arch\trunk\archambault.skaarup\assignment5\graphicslib\debug\mouseevent.obj
c:\users\cskaa\onedrive\desktop\game arch\trunk\archambault.skaarup\assignment5\graphicslib\debug\menumanager.obj
c:\users\cskaa\onedrive\desktop\game arch\trunk\archambault.skaarup\assignment5\graphicslib\debug\inputsystem.obj
c:\users\cskaa\onedrive\desktop\game arch\trunk\archambault.skaarup\assignment5\graphicslib\debug\inputevent.obj
c:\users\cskaa\onedrive\desktop\game arch\trunk\archambault.skaarup\assignment5\graphicslib\debug\graphicssystem.obj
c:\users\cskaa\onedrive\desktop\game arch\trunk\archambault.skaarup\assignment5\graphicslib\debug\graphicsbuffermanager.obj
c:\users\cskaa\onedrive\desktop\game arch\trunk\archambault.skaarup\assignment5\graphicslib\debug\graphicsbuffer.obj
c:\users\cskaa\onedrive\desktop\game arch\trunk\archambault.skaarup\assignment5\graphicslib\debug\font.obj
c:\users\cskaa\onedrive\desktop\game arch\trunk\archambault.skaarup\assignment5\graphicslib\debug\enemymanager.obj
c:\users\cskaa\onedrive\desktop\game arch\trunk\archambault.skaarup\assignment5\graphicslib\debug\color.obj
c:\users\cskaa\onedrive\desktop\game arch\trunk\archambault.skaarup\assignment5\graphicslib\debug\audiomanager.obj
c:\users\cskaa\onedrive\desktop\game arch\trunk\archambault.skaarup\assignment5\graphicslib\debug\animationmanager.obj
c:\users\cskaa\onedrive\desktop\game arch\trunk\archambault.skaarup\assignment5\graphicslib\debug\animation.obj
c:\users\cskaa\onedrive\desktop\game arch\trunk\archambault.skaarup\assignment5\graphicslib\debug\graphicslib.lib
c:\users\cskaa\onedrive\desktop\game arch\trunk\archambault.skaarup\assignment5\graphicslib\debug\graphicslib.tlog\cl.command.1.tlog
c:\users\cskaa\onedrive\desktop\game arch\trunk\archambault.skaarup\assignment5\graphicslib\debug\graphicslib.tlog\cl.items.tlog
c:\users\cskaa\onedrive\desktop\game arch\trunk\archambault.skaarup\assignment5\graphicslib\debug\graphicslib.tlog\cl.read.1.tlog
c:\users\cskaa\onedrive\desktop\game arch\trunk\archambault.skaarup\assignment5\graphicslib\debug\graphicslib.tlog\cl.write.1.tlog
c:\users\cskaa\onedrive\desktop\game arch\trunk\archambault.skaarup\assignment5\graphicslib\debug\graphicslib.tlog\lib-link.write.1.tlog
c:\users\cskaa\onedrive\desktop\game arch\trunk\archambault.skaarup\assignment5\graphicslib\debug\graphicslib.tlog\lib.command.1.tlog
c:\users\cskaa\onedrive\desktop\game arch\trunk\archambault.skaarup\assignment5\graphicslib\debug\graphicslib.tlog\lib.read.1.tlog
